#
# A fatal error has been detected by the Java Runtime Environment:
#
#  EXCEPTION_ACCESS_VIOLATION (0xc0000005) at pc=0x0000000063fba0e2, pid=8212, tid=0x00000000000022b8
#
# JRE version: OpenJDK Runtime Environment (8.0_112-b06) (build 1.8.0_112-release-b06)
# Java VM: OpenJDK 64-Bit Server VM (25.112-b06 mixed mode windows-amd64 compressed oops)
# Problematic frame:
# V  [jvm.dll+0x8a0e2]
#
# Failed to write core dump. Minidumps are not enabled by default on client versions of Windows
#
# If you would like to submit a bug report, please visit:
#   http://bugreport.java.com/bugreport/crash.jsp
#

---------------  T H R E A D  ---------------

Current thread (0x000000000316b000):  GCTaskThread [stack: 0x0000000012e20000,0x0000000012f20000] [id=8888]

siginfo: ExceptionCode=0xc0000005, reading address 0x00000000000000e8

Registers:
RAX=0x0000000000000000, RBX=0x00000000c637ae20, RCX=0x0000000100070110, RDX=0x00000000c637ae20
RSP=0x0000000012f1f308, RBP=0x000000000323a8b0, RSI=0x00000000c63742f8, RDI=0x00000000c637ae20
R8 =0x0000000000000000, R9 =0x0000000100070110, R10=0x0000000000008fc0, R11=0x00000000c637ae78
R12=0x00000000c6374470, R13=0x0000000000000200, R14=0x00000000c6373c60, R15=0x0000000000000252
RIP=0x0000000063fba0e2, EFLAGS=0x0000000000010246

Top of Stack: (sp=0x0000000012f1f308)
0x0000000012f1f308:   00000000640151f7 00000000c637ae78
0x0000000012f1f318:   000000000323a8b0 00000000c63742ec
0x0000000012f1f328:   0000000000000004 00000000c637ae20
0x0000000012f1f338:   00000000640442ea 0000000000008f46
0x0000000012f1f348:   000000006401ea86 00000000c6381908
0x0000000012f1f358:   00000000c6381900 000000000323a8b0
0x0000000012f1f368:   00000000640443f3 0000000000000000
0x0000000012f1f378:   00000000000003d8 000000000316b808
0x0000000012f1f388:   0000000016a955d0 0000000000008f46
0x0000000012f1f398:   00000000642f1fc0 000000000323a8b0
0x0000000012f1f3a8:   00000000031619c0 000000000316b430
0x0000000012f1f3b8:   000000000316b430 0000000000000000
0x0000000012f1f3c8:   0000000000000c00 0000000000000000
0x0000000012f1f3d8:   0000000000000000 0000000000000000
0x0000000012f1f3e8:   000000001fffe800 0000000000000001
0x0000000012f1f3f8:   0000000000000001 0000516cb4a1192b 

Instructions: (pc=0x0000000063fba0e2)
0x0000000063fba0c2:   e2 49 8d 0c 11 49 f7 d1 48 03 c1 49 c1 e9 03 48
0x0000000063fba0d2:   c1 e8 03 41 23 c1 c3 48 8b 02 48 8b d1 49 8b c9
0x0000000063fba0e2:   48 ff a0 e8 00 00 00 cc cc cc cc cc cc cc 80 3d
0x0000000063fba0f2:   7a d7 72 00 00 48 8b c1 74 1b 8b 51 08 8b 0d 53 


Register to memory mapping:

RAX=0x0000000000000000 is an unknown value
RBX=0x00000000c637ae20 is an oop
com.android.dx.util.IntList 
 - klass: 'com/android/dx/util/IntList'
RCX=0x0000000100070110 is pointing into metadata
RDX=0x00000000c637ae20 is an oop
com.android.dx.util.IntList 
 - klass: 'com/android/dx/util/IntList'
RSP=0x0000000012f1f308 is an unknown value
RBP=0x000000000323a8b0 is an unknown value
RSI=0x00000000c63742f8 is pointing into object: 0x00000000c6373c60
[Lcom.android.dx.util.IntList; 
 - klass: 'com/android/dx/util/IntList'[]
 - length: 594
RDI=0x00000000c637ae20 is an oop
com.android.dx.util.IntList 
 - klass: 'com/android/dx/util/IntList'
R8 =0x0000000000000000 is an unknown value
R9 =0x0000000100070110 is pointing into metadata
R10=0x0000000000008fc0 is an unknown value
R11=0x00000000c637ae78 is an oop
com.android.dx.util.IntList 
 - klass: 'com/android/dx/util/IntList'
R12=0x00000000c6374470 is pointing into object: 0x00000000c6373c60
[Lcom.android.dx.util.IntList; 
 - klass: 'com/android/dx/util/IntList'[]
 - length: 594
R13=0x0000000000000200 is an unknown value
R14=0x00000000c6373c60 is an oop
[Lcom.android.dx.util.IntList; 
 - klass: 'com/android/dx/util/IntList'[]
 - length: 594
R15=0x0000000000000252 is an unknown value


Stack: [0x0000000012e20000,0x0000000012f20000],  sp=0x0000000012f1f308,  free space=1020k
Native frames: (J=compiled Java code, j=interpreted, Vv=VM code, C=native code)
V  [jvm.dll+0x8a0e2]


---------------  P R O C E S S  ---------------

Java Threads: ( => current thread )
  0x0000000020006000 JavaThread "pool-325-thread-4" [_thread_blocked, id=7092, stack(0x0000000066870000,0x0000000066970000)]
  0x000000001fffe800 JavaThread "pool-325-thread-3" [_thread_blocked, id=4660, stack(0x0000000066770000,0x0000000066870000)]
  0x0000000020005800 JavaThread "pool-325-thread-2" [_thread_blocked, id=7576, stack(0x0000000066670000,0x0000000066770000)]
  0x000000001fffe000 JavaThread "pool-326-thread-1" [_thread_blocked, id=7668, stack(0x0000000066570000,0x0000000066670000)]
  0x0000000020002800 JavaThread "pool-325-thread-1" [_thread_blocked, id=4868, stack(0x0000000066470000,0x0000000066570000)]
  0x000000001d960800 JavaThread "pool-301-thread-4" [_thread_blocked, id=4788, stack(0x00000000636d0000,0x00000000637d0000)]
  0x000000001d95f000 JavaThread "pool-301-thread-3" [_thread_blocked, id=8276, stack(0x00000000635d0000,0x00000000636d0000)]
  0x000000001d962800 JavaThread "pool-301-thread-2" [_thread_blocked, id=668, stack(0x00000000634d0000,0x00000000635d0000)]
  0x000000001ec6a000 JavaThread "pool-301-thread-1" [_thread_blocked, id=5668, stack(0x0000000062cd0000,0x0000000062dd0000)]
  0x000000001f8a4800 JavaThread "Cache update executor" [_thread_blocked, id=3748, stack(0x00000000625d0000,0x00000000626d0000)]
  0x000000001f8a7800 JavaThread "Stdin handler" [_thread_blocked, id=1724, stack(0x00000000624d0000,0x00000000625d0000)]
  0x000000001f8a7000 JavaThread "Asynchronous log dispatcher for DefaultDaemonConnection: socket connection from /127.0.0.1:49901 to /127.0.0.1:60485" [_thread_blocked, id=212, stack(0x00000000623d0000,0x00000000624d0000)]
  0x000000001f89b800 JavaThread "Daemon worker Thread 22" [_thread_blocked, id=8900, stack(0x00000000622d0000,0x00000000623d0000)]
  0x000000001f89b000 JavaThread "Cancel handler" [_thread_blocked, id=4684, stack(0x00000000621d0000,0x00000000622d0000)]
  0x000000001f8a1000 JavaThread "Handler for socket connection from /127.0.0.1:49901 to /127.0.0.1:60485" [_thread_in_native, id=4956, stack(0x00000000620d0000,0x00000000621d0000)]
  0x000000001f89f800 JavaThread "Daemon Thread 22" [_thread_blocked, id=8908, stack(0x0000000061fd0000,0x00000000620d0000)]
  0x000000001d95a800 JavaThread "pool-30-thread-4" [_thread_blocked, id=4168, stack(0x00000000320d0000,0x00000000321d0000)]
  0x000000001d961000 JavaThread "pool-30-thread-3" [_thread_blocked, id=2292, stack(0x000000002f8d0000,0x000000002f9d0000)]
  0x000000001d95d800 JavaThread "pool-30-thread-2" [_thread_blocked, id=4468, stack(0x000000002cdd0000,0x000000002ced0000)]
  0x000000001ec73800 JavaThread "pool-30-thread-1" [_thread_blocked, id=6452, stack(0x000000002b6d0000,0x000000002b7d0000)]
  0x00000000187ef800 JavaThread "File lock request listener" [_thread_in_native, id=8448, stack(0x000000001c8d0000,0x000000001c9d0000)]
  0x0000000018df6800 JavaThread "pool-1-thread-1" [_thread_blocked, id=6680, stack(0x000000001b200000,0x000000001b300000)]
  0x0000000019183800 JavaThread "Incoming local TCP Connector on port 49901" [_thread_in_native, id=9148, stack(0x000000001a920000,0x000000001aa20000)]
  0x0000000018612000 JavaThread "Service Thread" daemon [_thread_blocked, id=7260, stack(0x0000000018a10000,0x0000000018b10000)]
  0x0000000016c1c000 JavaThread "C1 CompilerThread2" daemon [_thread_blocked, id=7244, stack(0x0000000018510000,0x0000000018610000)]
  0x0000000016bbd000 JavaThread "C2 CompilerThread1" daemon [_thread_blocked, id=8216, stack(0x0000000018410000,0x0000000018510000)]
  0x0000000016bba000 JavaThread "C2 CompilerThread0" daemon [_thread_blocked, id=8772, stack(0x0000000018310000,0x0000000018410000)]
  0x0000000016bb8800 JavaThread "Attach Listener" daemon [_thread_blocked, id=4160, stack(0x0000000018210000,0x0000000018310000)]
  0x0000000016bb7000 JavaThread "Signal Dispatcher" daemon [_thread_blocked, id=7172, stack(0x0000000018110000,0x0000000018210000)]
  0x0000000016ba8000 JavaThread "Finalizer" daemon [_thread_blocked, id=8884, stack(0x0000000017e20000,0x0000000017f20000)]
  0x0000000003241000 JavaThread "Reference Handler" daemon [_thread_blocked, id=1136, stack(0x0000000017d20000,0x0000000017e20000)]
  0x0000000003150800 JavaThread "main" [_thread_blocked, id=8520, stack(0x0000000003040000,0x0000000003140000)]

Other Threads:
  0x0000000016b84800 VMThread [stack: 0x0000000017c20000,0x0000000017d20000] [id=6988]
  0x0000000018614000 WatcherThread [stack: 0x0000000018b10000,0x0000000018c10000] [id=7256]

=>0x000000000316b000 (exited) GCTaskThread [stack: 0x0000000012e20000,0x0000000012f20000] [id=8888]

VM state:at safepoint (normal execution)

VM Mutex/Monitor currently owned by a thread:  ([mutex/lock_event])
[0x000000000314b680] Threads_lock - owner thread: 0x0000000016b84800
[0x000000000314c080] Heap_lock - owner thread: 0x0000000020002800

Heap:
 PSYoungGen      total 411648K, used 42298K [0x00000000e0000000, 0x00000000ff100000, 0x0000000100000000)
  eden space 310784K, 0% used [0x00000000e0000000,0x00000000e0000000,0x00000000f2f80000)
  from space 100864K, 41% used [0x00000000f8d00000,0x00000000fb64ea50,0x00000000fef80000)
  to   space 95744K, 0% used [0x00000000f2f80000,0x00000000f2f80000,0x00000000f8d00000)
 ParOldGen       total 712704K, used 670787K [0x00000000a0000000, 0x00000000cb800000, 0x00000000e0000000)
  object space 712704K, 94% used [0x00000000a0000000,0x00000000c8f10e88,0x00000000cb800000)
 Metaspace       used 114869K, capacity 124571K, committed 127576K, reserved 1161216K
  class space    used 14444K, capacity 15798K, committed 16512K, reserved 1048576K

Card table byte_map: [0x0000000012610000,0x0000000012920000] byte_map_base: 0x0000000012110000

Marking Bits: (ParMarkBitMap*) 0x00000000646f18f0
 Begin Bits: [0x0000000012f20000, 0x0000000014720000)
 End Bits:   [0x0000000014720000, 0x0000000015f20000)

Polling page: 0x0000000001790000

CodeCache: size=245760Kb used=97962Kb max_used=97982Kb free=147797Kb
 bounds [0x0000000003250000, 0x00000000092b0000, 0x0000000012250000]
 total_blobs=25072 nmethods=24239 adapters=744
 compilation: enabled

Compilation events (10 events):
Event: 11169.198 Thread 0x0000000016c1c000 34922       3       com.android.dx.ssa.LiteralOpUpgrader::access$200 (10 bytes)
Event: 11169.199 Thread 0x0000000016c1c000 nmethod 34922 0x00000000085a8550 code [0x00000000085a86c0, 0x00000000085a8828]
Event: 11169.848 Thread 0x0000000016bbd000 34923       4       com.android.dx.dex.code.form.Form22b::writeTo (54 bytes)
Event: 11169.856 Thread 0x0000000016bbd000 nmethod 34923 0x00000000055f8650 code [0x00000000055f87c0, 0x00000000055f8bf8]
Event: 11169.908 Thread 0x0000000016bba000 34924       4       com.android.dx.dex.code.LocalList$Entry::compareTo (9 bytes)
Event: 11169.913 Thread 0x0000000016bba000 nmethod 34924 0x00000000051100d0 code [0x0000000005110240, 0x00000000051105a8]
Event: 11170.572 Thread 0x0000000016c1c000 34925       3       com.android.dx.cf.attrib.BaseAnnotations::byteLength (8 bytes)
Event: 11170.572 Thread 0x0000000016c1c000 nmethod 34925 0x0000000005e3cf50 code [0x0000000005e3d0a0, 0x0000000005e3d1f0]
Event: 11170.792 Thread 0x0000000016bbd000 34926       4       java.util.concurrent.ConcurrentHashMap$TreeBin::balanceInsertion (245 bytes)
Event: 11170.805 Thread 0x0000000016bbd000 nmethod 34926 0x0000000009205b90 code [0x0000000009205ce0, 0x0000000009206198]

GC Heap History (10 events):
Event: 11169.536 GC heap after
Heap after GC invocations=291 (full 23):
 PSYoungGen      total 404480K, used 63476K [0x00000000e0000000, 0x0000000100000000, 0x0000000100000000)
  eden space 284672K, 0% used [0x00000000e0000000,0x00000000e0000000,0x00000000f1600000)
  from space 119808K, 52% used [0x00000000f8b00000,0x00000000fc8fd200,0x0000000100000000)
  to   space 119808K, 0% used [0x00000000f1600000,0x00000000f1600000,0x00000000f8b00000)
 ParOldGen       total 712704K, used 529192K [0x00000000a0000000, 0x00000000cb800000, 0x00000000e0000000)
  object space 712704K, 74% used [0x00000000a0000000,0x00000000c04ca2f0,0x00000000cb800000)
 Metaspace       used 114868K, capacity 124571K, committed 127576K, reserved 1161216K
  class space    used 14444K, capacity 15798K, committed 16512K, reserved 1048576K
}
Event: 11169.963 GC heap before
{Heap before GC invocations=292 (full 23):
 PSYoungGen      total 404480K, used 348148K [0x00000000e0000000, 0x0000000100000000, 0x0000000100000000)
  eden space 284672K, 100% used [0x00000000e0000000,0x00000000f1600000,0x00000000f1600000)
  from space 119808K, 52% used [0x00000000f8b00000,0x00000000fc8fd200,0x0000000100000000)
  to   space 119808K, 0% used [0x00000000f1600000,0x00000000f1600000,0x00000000f8b00000)
 ParOldGen       total 712704K, used 529192K [0x00000000a0000000, 0x00000000cb800000, 0x00000000e0000000)
  object space 712704K, 74% used [0x00000000a0000000,0x00000000c04ca2f0,0x00000000cb800000)
 Metaspace       used 114868K, capacity 124571K, committed 127576K, reserved 1161216K
  class space    used 14444K, capacity 15798K, committed 16512K, reserved 1048576K
Event: 11170.043 GC heap after
Heap after GC invocations=292 (full 23):
 PSYoungGen      total 330240K, used 45196K [0x00000000e0000000, 0x00000000ff200000, 0x0000000100000000)
  eden space 284672K, 0% used [0x00000000e0000000,0x00000000e0000000,0x00000000f1600000)
  from space 45568K, 99% used [0x00000000f1600000,0x00000000f42230d8,0x00000000f4280000)
  to   space 112640K, 0% used [0x00000000f8400000,0x00000000f8400000,0x00000000ff200000)
 ParOldGen       total 712704K, used 558573K [0x00000000a0000000, 0x00000000cb800000, 0x00000000e0000000)
  object space 712704K, 78% used [0x00000000a0000000,0x00000000c217b650,0x00000000cb800000)
 Metaspace       used 114868K, capacity 124571K, committed 127576K, reserved 1161216K
  class space    used 14444K, capacity 15798K, committed 16512K, reserved 1048576K
}
Event: 11170.356 GC heap before
{Heap before GC invocations=293 (full 23):
 PSYoungGen      total 330240K, used 329868K [0x00000000e0000000, 0x00000000ff200000, 0x0000000100000000)
  eden space 284672K, 100% used [0x00000000e0000000,0x00000000f1600000,0x00000000f1600000)
  from space 45568K, 99% used [0x00000000f1600000,0x00000000f42230d8,0x00000000f4280000)
  to   space 112640K, 0% used [0x00000000f8400000,0x00000000f8400000,0x00000000ff200000)
 ParOldGen       total 712704K, used 558573K [0x00000000a0000000, 0x00000000cb800000, 0x00000000e0000000)
  object space 712704K, 78% used [0x00000000a0000000,0x00000000c217b650,0x00000000cb800000)
 Metaspace       used 114868K, capacity 124571K, committed 127576K, reserved 1161216K
  class space    used 14444K, capacity 15798K, committed 16512K, reserved 1048576K
Event: 11170.442 GC heap after
Heap after GC invocations=293 (full 23):
 PSYoungGen      total 403968K, used 45149K [0x00000000e0000000, 0x0000000100000000, 0x0000000100000000)
  eden space 291328K, 0% used [0x00000000e0000000,0x00000000e0000000,0x00000000f1c80000)
  from space 112640K, 40% used [0x00000000f8400000,0x00000000fb0176b8,0x00000000ff200000)
  to   space 105984K, 0% used [0x00000000f1c80000,0x00000000f1c80000,0x00000000f8400000)
 ParOldGen       total 712704K, used 597515K [0x00000000a0000000, 0x00000000cb800000, 0x00000000e0000000)
  object space 712704K, 83% used [0x00000000a0000000,0x00000000c4782e50,0x00000000cb800000)
 Metaspace       used 114868K, capacity 124571K, committed 127576K, reserved 1161216K
  class space    used 14444K, capacity 15798K, committed 16512K, reserved 1048576K
}
Event: 11170.816 GC heap before
{Heap before GC invocations=294 (full 23):
 PSYoungGen      total 403968K, used 336477K [0x00000000e0000000, 0x0000000100000000, 0x0000000100000000)
  eden space 291328K, 100% used [0x00000000e0000000,0x00000000f1c80000,0x00000000f1c80000)
  from space 112640K, 40% used [0x00000000f8400000,0x00000000fb0176b8,0x00000000ff200000)
  to   space 105984K, 0% used [0x00000000f1c80000,0x00000000f1c80000,0x00000000f8400000)
 ParOldGen       total 712704K, used 597515K [0x00000000a0000000, 0x00000000cb800000, 0x00000000e0000000)
  object space 712704K, 83% used [0x00000000a0000000,0x00000000c4782e50,0x00000000cb800000)
 Metaspace       used 114869K, capacity 124571K, committed 127576K, reserved 1161216K
  class space    used 14444K, capacity 15798K, committed 16512K, reserved 1048576K
Event: 11170.895 GC heap after
Heap after GC invocations=294 (full 23):
 PSYoungGen      total 397312K, used 38695K [0x00000000e0000000, 0x00000000fef80000, 0x0000000100000000)
  eden space 291328K, 0% used [0x00000000e0000000,0x00000000e0000000,0x00000000f1c80000)
  from space 105984K, 36% used [0x00000000f1c80000,0x00000000f4249e10,0x00000000f8400000)
  to   space 100864K, 0% used [0x00000000f8d00000,0x00000000f8d00000,0x00000000fef80000)
 ParOldGen       total 712704K, used 634153K [0x00000000a0000000, 0x00000000cb800000, 0x00000000e0000000)
  object space 712704K, 88% used [0x00000000a0000000,0x00000000c6b4a410,0x00000000cb800000)
 Metaspace       used 114869K, capacity 124571K, committed 127576K, reserved 1161216K
  class space    used 14444K, capacity 15798K, committed 16512K, reserved 1048576K
}
Event: 11171.260 GC heap before
{Heap before GC invocations=295 (full 23):
 PSYoungGen      total 397312K, used 330023K [0x00000000e0000000, 0x00000000fef80000, 0x0000000100000000)
  eden space 291328K, 100% used [0x00000000e0000000,0x00000000f1c80000,0x00000000f1c80000)
  from space 105984K, 36% used [0x00000000f1c80000,0x00000000f4249e10,0x00000000f8400000)
  to   space 100864K, 0% used [0x00000000f8d00000,0x00000000f8d00000,0x00000000fef80000)
 ParOldGen       total 712704K, used 634153K [0x00000000a0000000, 0x00000000cb800000, 0x00000000e0000000)
  object space 712704K, 88% used [0x00000000a0000000,0x00000000c6b4a410,0x00000000cb800000)
 Metaspace       used 114869K, capacity 124571K, committed 127576K, reserved 1161216K
  class space    used 14444K, capacity 15798K, committed 16512K, reserved 1048576K
Event: 11171.341 GC heap after
Heap after GC invocations=295 (full 23):
 PSYoungGen      total 411648K, used 42298K [0x00000000e0000000, 0x00000000ff100000, 0x0000000100000000)
  eden space 310784K, 0% used [0x00000000e0000000,0x00000000e0000000,0x00000000f2f80000)
  from space 100864K, 41% used [0x00000000f8d00000,0x00000000fb64ea50,0x00000000fef80000)
  to   space 95744K, 0% used [0x00000000f2f80000,0x00000000f2f80000,0x00000000f8d00000)
 ParOldGen       total 712704K, used 670787K [0x00000000a0000000, 0x00000000cb800000, 0x00000000e0000000)
  object space 712704K, 94% used [0x00000000a0000000,0x00000000c8f10e88,0x00000000cb800000)
 Metaspace       used 114869K, capacity 124571K, committed 127576K, reserved 1161216K
  class space    used 14444K, capacity 15798K, committed 16512K, reserved 1048576K
}
Event: 11171.341 GC heap before
{Heap before GC invocations=296 (full 24):
 PSYoungGen      total 411648K, used 42298K [0x00000000e0000000, 0x00000000ff100000, 0x0000000100000000)
  eden space 310784K, 0% used [0x00000000e0000000,0x00000000e0000000,0x00000000f2f80000)
  from space 100864K, 41% used [0x00000000f8d00000,0x00000000fb64ea50,0x00000000fef80000)
  to   space 95744K, 0% used [0x00000000f2f80000,0x00000000f2f80000,0x00000000f8d00000)
 ParOldGen       total 712704K, used 670787K [0x00000000a0000000, 0x00000000cb800000, 0x00000000e0000000)
  object space 712704K, 94% used [0x00000000a0000000,0x00000000c8f10e88,0x00000000cb800000)
 Metaspace       used 114869K, capacity 124571K, committed 127576K, reserved 1161216K
  class space    used 14444K, capacity 15798K, committed 16512K, reserved 1048576K

Deoptimization events (10 events):
Event: 10832.377 Thread 0x000000001d960800 Uncommon trap: reason=bimorphic action=maybe_recompile pc=0x00000000061f1178 method=java.util.HashMap.removeNode(ILjava/lang/Object;Ljava/lang/Object;ZZ)Ljava/util/HashMap$Node; @ 143
Event: 10853.894 Thread 0x000000001ec6b800 Uncommon trap: reason=bimorphic action=maybe_recompile pc=0x00000000080f3aac method=org.gradle.api.internal.changedetection.state.SnapshotMapSerializer.write(Lorg/gradle/internal/serialize/Encoder;Ljava/util/Map;)V @ 34
Event: 10876.007 Thread 0x000000001d962000 Uncommon trap: reason=unstable_if action=reinterpret pc=0x000000000514cc58 method=java.util.concurrent.locks.AbstractQueuedSynchronizer.shouldParkAfterFailedAcquire(Ljava/util/concurrent/locks/AbstractQueuedSynchronizer$Node;Ljava/util/concurrent/locks/Abs x:f>Å@
Event: 10876.206 Thread 0x000000001d95d800 Uncommon trap: reason=unstable_if action=reinterpret pc=0x0000000007a22478 method=java.util.HashMap.getNode(ILjava/lang/Object;)Ljava/util/HashMap$Node; @ 84
Event: 10876.206 Thread 0x000000001d95d800 Uncommon trap: reason=unstable_if action=reinterpret pc=0x0000000006b681a8 method=java.util.HashMap.getNode(ILjava/lang/Object;)Ljava/util/HashMap$Node; @ 84
Event: 10876.206 Thread 0x000000001d95d800 Uncommon trap: reason=unstable_if action=reinterpret pc=0x0000000003744560 method=java.util.HashMap.getNode(ILjava/lang/Object;)Ljava/util/HashMap$Node; @ 84
Event: 10876.207 Thread 0x000000001d95d800 Uncommon trap: reason=unstable_if action=reinterpret pc=0x0000000003b206c4 method=java.util.HashMap.getNode(ILjava/lang/Object;)Ljava/util/HashMap$Node; @ 84
Event: 10876.207 Thread 0x000000001d95d800 Uncommon trap: reason=unstable_if action=reinterpret pc=0x0000000003b534ac method=java.util.HashMap.getNode(ILjava/lang/Object;)Ljava/util/HashMap$Node; @ 84
Event: 10966.037 Thread 0x000000001d95c000 Uncommon trap: reason=null_check action=make_not_entrant pc=0x0000000004470ca8 method=com.sun.org.apache.xerces.internal.parsers.AbstractDOMParser.xmlDecl(Ljava/lang/String;Ljava/lang/String;Ljava/lang/String;Lcom/sun/org/apache/xerces/internal/xni/AugmentDJeýÄÅ@
Event: 11144.070 Thread 0x000000001f89b800 Uncommon trap: reason=null_check action=make_not_entrant pc=0x000000000857c330 method=com.sun.org.apache.xerces.internal.parsers.AbstractSAXParser.xmlDecl(Ljava/lang/String;Ljava/lang/String;Ljava/lang/String;Lcom/sun/org/apache/xerces/internal/xni/Augment®—û50(Å@

Internal exceptions (10 events):
Event: 10852.447 Thread 0x000000001d960800 Exception <a 'java/lang/ClassNotFoundException': asLocalRepo2544_bv3ualji7i3so4lo8200odkdyBeanInfo> (0x00000000f0089b10) thrown at [C:\src\android\AOSP-openjdk\external\jetbrains\jdk\hotspot\src\share\vm\classfile\systemDictionary.cpp, line 210]
Event: 10852.448 Thread 0x000000001d960800 Exception <a 'java/lang/ClassNotFoundException': asLocalRepo2544_bv3ualji7i3so4lo8200odkdyCustomizer> (0x00000000f0094f80) thrown at [C:\src\android\AOSP-openjdk\external\jetbrains\jdk\hotspot\src\share\vm\classfile\systemDictionary.cpp, line 210]
Event: 10887.047 Thread 0x000000001d960800 Exception <a 'sun/nio/fs/WindowsException'> (0x00000000e9430b18) thrown at [C:\src\android\AOSP-openjdk\external\jetbrains\jdk\hotspot\src\share\vm\prims\jni.cpp, line 709]
Event: 10965.963 Thread 0x000000001d95c000 Exception <a 'java/lang/ClassNotFoundException': asLocalRepo7273_bco3qzubfjv4nxcwwl95h98qbBeanInfo> (0x00000000ea45c630) thrown at [C:\src\android\AOSP-openjdk\external\jetbrains\jdk\hotspot\src\share\vm\classfile\systemDictionary.cpp, line 210]
Event: 10965.964 Thread 0x000000001d95c000 Exception <a 'java/lang/ClassNotFoundException': asLocalRepo7273_bco3qzubfjv4nxcwwl95h98qbCustomizer> (0x00000000ea467aa0) thrown at [C:\src\android\AOSP-openjdk\external\jetbrains\jdk\hotspot\src\share\vm\classfile\systemDictionary.cpp, line 210]
Event: 10966.037 Thread 0x000000001d95c000 Implicit null exception at 0x00000000044708bc to 0x0000000004470c99
Event: 10999.753 Thread 0x000000001d95c000 Exception <a 'sun/nio/fs/WindowsException'> (0x00000000f2ae82a0) thrown at [C:\src\android\AOSP-openjdk\external\jetbrains\jdk\hotspot\src\share\vm\prims\jni.cpp, line 709]
Event: 11143.538 Thread 0x000000001f89b800 Exception <a 'java/lang/ClassNotFoundException': asLocalRepo11124_bwmv3kmfgtciv3nxegfbc3xfBeanInfo> (0x00000000e0d1a318) thrown at [C:\src\android\AOSP-openjdk\external\jetbrains\jdk\hotspot\src\share\vm\classfile\systemDictionary.cpp, line 210]
Event: 11143.538 Thread 0x000000001f89b800 Exception <a 'java/lang/ClassNotFoundException': asLocalRepo11124_bwmv3kmfgtciv3nxegfbc3xfCustomizer> (0x00000000e0d25788) thrown at [C:\src\android\AOSP-openjdk\external\jetbrains\jdk\hotspot\src\share\vm\classfile\systemDictionary.cpp, line 210]
Event: 11144.070 Thread 0x000000001f89b800 Implicit null exception at 0x000000000857c003 to 0x000000000857c321

Events (10 events):
Event: 11169.914 Thread 0x0000000016bba000 flushing nmethod 0x0000000005e3ce10
Event: 11169.963 Executing VM operation: ParallelGCFailedAllocation
Event: 11170.043 Executing VM operation: ParallelGCFailedAllocation done
Event: 11170.246 Thread 0x0000000020000000 Thread exited: 0x0000000020000000
Event: 11170.356 Executing VM operation: ParallelGCFailedAllocation
Event: 11170.442 Executing VM operation: ParallelGCFailedAllocation done
Event: 11170.806 Thread 0x0000000016bbd000 flushing nmethod 0x0000000006bfc590
Event: 11170.816 Executing VM operation: ParallelGCFailedAllocation
Event: 11170.895 Executing VM operation: ParallelGCFailedAllocation done
Event: 11171.260 Executing VM operation: ParallelGCFailedAllocation


Dynamic libraries:
0x00007ff7fb780000 - 0x00007ff7fb7b1000 	C:\Program Files\Android\Android Studio\jre\bin\java.exe
0x00007ffb29470000 - 0x00007ffb2964b000 	C:\WINDOWS\SYSTEM32\ntdll.dll
0x00007ffb26d30000 - 0x00007ffb26dde000 	C:\WINDOWS\System32\KERNEL32.DLL
0x00007ffb264e0000 - 0x00007ffb26729000 	C:\WINDOWS\System32\KERNELBASE.dll
0x00007ffb293c0000 - 0x00007ffb29461000 	C:\WINDOWS\System32\ADVAPI32.dll
0x00007ffb27310000 - 0x00007ffb273ad000 	C:\WINDOWS\System32\msvcrt.dll
0x00007ffb26fa0000 - 0x00007ffb26ff9000 	C:\WINDOWS\System32\sechost.dll
0x00007ffb27a30000 - 0x00007ffb27b55000 	C:\WINDOWS\System32\RPCRT4.dll
0x00007ffb274a0000 - 0x00007ffb275ea000 	C:\WINDOWS\System32\USER32.dll
0x00007ffb269b0000 - 0x00007ffb269ce000 	C:\WINDOWS\System32\win32u.dll
0x00007ffb27470000 - 0x00007ffb27497000 	C:\WINDOWS\System32\GDI32.dll
0x00007ffb26180000 - 0x00007ffb26307000 	C:\WINDOWS\System32\gdi32full.dll
0x00007ffb26090000 - 0x00007ffb2612a000 	C:\WINDOWS\System32\msvcp_win.dll
0x00007ffb267a0000 - 0x00007ffb26896000 	C:\WINDOWS\System32\ucrtbase.dll
0x00007ffb1b100000 - 0x00007ffb1b367000 	C:\WINDOWS\WinSxS\amd64_microsoft.windows.common-controls_6595b64144ccf1df_6.0.15063.483_none_26002d27e7c744a2\COMCTL32.dll
0x00007ffb27c40000 - 0x00007ffb27f39000 	C:\WINDOWS\System32\combase.dll
0x00007ffb26730000 - 0x00007ffb2679a000 	C:\WINDOWS\System32\bcryptPrimitives.dll
0x00007ffb29380000 - 0x00007ffb293ad000 	C:\WINDOWS\System32\IMM32.DLL
0x0000000063d70000 - 0x0000000063e42000 	C:\Program Files\Android\Android Studio\jre\jre\bin\msvcr100.dll
0x0000000063f30000 - 0x000000006476c000 	C:\Program Files\Android\Android Studio\jre\jre\bin\server\jvm.dll
0x00007ffb26e80000 - 0x00007ffb26e88000 	C:\WINDOWS\System32\PSAPI.DLL
0x00007ffb234e0000 - 0x00007ffb234e9000 	C:\WINDOWS\SYSTEM32\WSOCK32.dll
0x00007ffb27000000 - 0x00007ffb2706c000 	C:\WINDOWS\System32\WS2_32.dll
0x00007ffb233b0000 - 0x00007ffb233d3000 	C:\WINDOWS\SYSTEM32\WINMM.dll
0x00007ffb23ca0000 - 0x00007ffb23caa000 	C:\WINDOWS\SYSTEM32\VERSION.dll
0x00007ffb23350000 - 0x00007ffb2337b000 	C:\WINDOWS\SYSTEM32\WINMMBASE.dll
0x00007ffb26130000 - 0x00007ffb26179000 	C:\WINDOWS\System32\cfgmgr32.dll
0x00007ffb13960000 - 0x00007ffb1396f000 	C:\Program Files\Android\Android Studio\jre\jre\bin\verify.dll
0x00007ffb11070000 - 0x00007ffb11099000 	C:\Program Files\Android\Android Studio\jre\jre\bin\java.dll
0x00007ffb11050000 - 0x00007ffb11066000 	C:\Program Files\Android\Android Studio\jre\jre\bin\zip.dll
0x00007ffb27f40000 - 0x00007ffb29376000 	C:\WINDOWS\System32\SHELL32.dll
0x00007ffb271e0000 - 0x00007ffb2728a000 	C:\WINDOWS\System32\shcore.dll
0x00007ffb25990000 - 0x00007ffb26081000 	C:\WINDOWS\System32\windows.storage.dll
0x00007ffb272b0000 - 0x00007ffb27301000 	C:\WINDOWS\System32\shlwapi.dll
0x00007ffb25900000 - 0x00007ffb25911000 	C:\WINDOWS\System32\kernel.appcore.dll
0x00007ffb25920000 - 0x00007ffb2596c000 	C:\WINDOWS\System32\powrprof.dll
0x00007ffb258e0000 - 0x00007ffb258f5000 	C:\WINDOWS\System32\profapi.dll
0x00007ffb10e50000 - 0x00007ffb10e6a000 	C:\Program Files\Android\Android Studio\jre\jre\bin\net.dll
0x00007ffb24e60000 - 0x00007ffb24ebc000 	C:\WINDOWS\system32\mswsock.dll
0x00007ffb107d0000 - 0x00007ffb107e1000 	C:\Program Files\Android\Android Studio\jre\jre\bin\nio.dll
0x00007ffb120a0000 - 0x00007ffb120be000 	C:\Users\BISHAL\.gradle\native\23\windows-amd64\native-platform.dll
0x00007ffb25450000 - 0x00007ffb25467000 	C:\WINDOWS\SYSTEM32\CRYPTSP.dll
0x00007ffb24a80000 - 0x00007ffb24ab4000 	C:\WINDOWS\system32\rsaenh.dll
0x00007ffb25710000 - 0x00007ffb25735000 	C:\WINDOWS\SYSTEM32\bcrypt.dll
0x00007ffb25810000 - 0x00007ffb25839000 	C:\WINDOWS\SYSTEM32\USERENV.dll
0x00007ffb25700000 - 0x00007ffb2570b000 	C:\WINDOWS\SYSTEM32\CRYPTBASE.dll
0x00007ffb24c00000 - 0x00007ffb24c37000 	C:\WINDOWS\SYSTEM32\IPHLPAPI.DLL
0x00007ffb26d20000 - 0x00007ffb26d28000 	C:\WINDOWS\System32\NSI.dll
0x00007ffb186d0000 - 0x00007ffb186e6000 	C:\WINDOWS\SYSTEM32\dhcpcsvc6.DLL
0x00007ffb19f70000 - 0x00007ffb19f8a000 	C:\WINDOWS\SYSTEM32\dhcpcsvc.DLL
0x00007ffb242b0000 - 0x00007ffb242bd000 	C:\Program Files\Android\Android Studio\jre\jre\bin\management.dll
0x00007ffb102c0000 - 0x00007ffb102e4000 	C:\Program Files\Android\Android Studio\jre\jre\bin\sunec.dll
0x00007ffb24c40000 - 0x00007ffb24ce4000 	C:\WINDOWS\SYSTEM32\DNSAPI.dll
0x00007ffb15030000 - 0x00007ffb1503a000 	C:\Windows\System32\rasadhlp.dll
0x00007ffb18220000 - 0x00007ffb1828b000 	C:\WINDOWS\System32\fwpuclnt.dll
0x00007ffb18e60000 - 0x00007ffb18e6b000 	C:\Program Files\Android\Android Studio\jre\jre\bin\sunmscapi.dll
0x00007ffb26310000 - 0x00007ffb264d9000 	C:\WINDOWS\System32\CRYPT32.dll
0x00007ffb25970000 - 0x00007ffb25981000 	C:\WINDOWS\System32\MSASN1.dll
0x00007ffb25470000 - 0x00007ffb25619000 	C:\WINDOWS\SYSTEM32\dbghelp.dll

VM Arguments:
jvm_args: -Xmx1536m -Dfile.encoding=windows-1252 -Duser.country=IN -Duser.language=en -Duser.variant 
java_command: org.gradle.launcher.daemon.bootstrap.GradleDaemon 3.3
java_class_path (initial): C:\Users\BISHAL\.gradle\wrapper\dists\gradle-3.3-all\55gk2rcmfc6p2dg9u9ohc3hw9\gradle-3.3\lib\gradle-launcher-3.3.jar
Launcher Type: SUN_STANDARD

Environment Variables:
PATH=C:\ProgramData\Oracle\Java\javapath;C:\WINDOWS\system32;C:\WINDOWS;C:\WINDOWS\System32\Wbem;C:\WINDOWS\System32\WindowsPowerShell\v1.0\;C:\Program Files (x86)\Skype\Phone\;C:\Program Files\Git\cmd;C:\Users\BISHAL\AppData\Local\Microsoft\WindowsApps;
USERNAME=BISHAL
OS=Windows_NT
PROCESSOR_IDENTIFIER=Intel64 Family 6 Model 78 Stepping 3, GenuineIntel



---------------  S Y S T E M  ---------------

OS: Windows 10.0 , 64 bit Build 15063 (10.0.15063.296)

CPU:total 4 (2 cores per cpu, 2 threads per core) family 6 model 78 stepping 3, cmov, cx8, fxsr, mmx, sse, sse2, sse3, ssse3, sse4.1, sse4.2, popcnt, avx, avx2, aes, clmul, erms, 3dnowpref, lzcnt, ht, tsc, tscinvbit, bmi1, bmi2, adx

Memory: 4k page, physical 8292156k(1694160k free), swap 9996092k(2673620k free)

vm_info: OpenJDK 64-Bit Server VM (25.112-b06) for windows-amd64 JRE (1.8.0_112-release-b06), built on Dec  8 2016 00:54:26 by "builder" with MS VC++ 10.0 (VS2010)

time: Mon Oct 30 19:24:29 2017
elapsed time: 11171 seconds (0d 3h 6m 11s)

