#
# A fatal error has been detected by the Java Runtime Environment:
#
#  EXCEPTION_ACCESS_VIOLATION (0xc0000005) at pc=0x0000000074728fc3, pid=364, tid=0x00000000000027ec
#
# JRE version: OpenJDK Runtime Environment (8.0_112-b06) (build 1.8.0_112-release-b06)
# Java VM: OpenJDK 64-Bit Server VM (25.112-b06 mixed mode windows-amd64 compressed oops)
# Problematic frame:
# V  [jvm.dll+0x3c8fc3]
#
# Failed to write core dump. Minidumps are not enabled by default on client versions of Windows
#
# If you would like to submit a bug report, please visit:
#   http://bugreport.java.com/bugreport/crash.jsp
#

---------------  T H R E A D  ---------------

Current thread (0x0000000002bb6800):  GCTaskThread [stack: 0x0000000012570000,0x0000000012670000] [id=10220]

siginfo: ExceptionCode=0xc0000005, reading address 0xffffffffffffffff

Registers:
RAX=0x0000000015f03360, RBX=0x000000001266f528, RCX=0x000000010004d0d0, RDX=0x0000000002c8c350
RSP=0x000000001266f480, RBP=0x00000000023d0000, RSI=0x00000000023c1b61, RDI=0x0000000000000004
R8 =0x00000000b1d9ce18, R9 =0x000000010004d0d0, R10=0x00000000b1e0db60, R11=0x00000000b1d9ce18
R12=0x0000000074b218f0, R13=0x000000000000023c, R14=0x00000000b1e80000, R15=0x000000001266f528
RIP=0x0000000074728fc3, EFLAGS=0x0000000000010207

Top of Stack: (sp=0x000000001266f480)
0x000000001266f480:   000000001266f528 00000000023c1b5d
0x000000001266f490:   00000000023c1b52 00000000747276d5
0x000000001266f4a0:   00000000023d0000 000000007471e81d
0x000000001266f4b0:   00000000023c1b5e 0000000074728ed9
0x000000001266f4c0:   0000000000000000 0000000074728f88
0x000000001266f4d0:   00000000dfffe388 00000000b1e80000
0x000000001266f4e0:   000000000000023c 0000000000000000
0x000000001266f4f0:   00000000a0000000 000000007472a2a4
0x000000001266f500:   0000000000000000 000000001266f568
0x000000001266f510:   00000000023c0000 000000001266f568
0x000000001266f520:   00000000010b0000 0000000074972238
0x000000001266f530:   0000000074b218f0 0000000002c8c350
0x000000001266f540:   000000000000c63d 00000000b1e0daf0
0x000000001266f550:   0000000002bac6d0 00000000b1d9ce18
0x000000001266f560:   0000000000000000 0000000002bb6a80
0x000000001266f570:   0000000002bb6a70 0000000000000000 

Instructions: (pc=0x0000000074728fc3)
0x0000000074728fa3:   03 0d a7 f6 38 00 eb 04 4d 8b 48 08 41 81 79 08
0x0000000074728fb3:   00 00 00 c0 73 10 49 8b 01 48 8b 53 10 49 8b c9
0x0000000074728fc3:   ff 90 28 01 00 00 48 29 7b 18 48 8d 04 fd 00 00
0x0000000074728fd3:   00 00 b9 02 00 00 00 48 01 43 20 48 01 43 30 33 


Register to memory mapping:

RAX={method} {0x0000000015f03368} 'isSatisfiedBy' '(I)Z' in 'java/util/regex/Pattern$CharProperty$1'
RBX=0x000000001266f528 is an unknown value
RCX=0x000000010004d0d0 is pointing into metadata
RDX=0x0000000002c8c350 is an unknown value
RSP=0x000000001266f480 is an unknown value
RBP=0x00000000023d0000 is an unknown value
RSI=0x00000000023c1b61 is an unknown value
RDI=0x0000000000000004 is an unknown value
R8 =0x00000000b1d9ce18 is an oop

[error occurred during error reporting (printing register info), id 0xc0000005]

Stack: [0x0000000012570000,0x0000000012670000],  sp=0x000000001266f480,  free space=1021k
Native frames: (J=compiled Java code, j=interpreted, Vv=VM code, C=native code)
V  [jvm.dll+0x3c8fc3]
V  [jvm.dll+0x3be81d]
V  [jvm.dll+0x3ca2a4]
V  [jvm.dll+0x3c1d9a]
V  [jvm.dll+0x3bf7c6]
V  [jvm.dll+0x3bce6e]
V  [jvm.dll+0x26c13a]
C  [msvcr100.dll+0x21d9f]
C  [msvcr100.dll+0x21e3b]
C  [KERNEL32.DLL+0x12774]
C  [ntdll.dll+0x70d51]


---------------  P R O C E S S  ---------------

Java Threads: ( => current thread )
  0x0000000026445800 
[error occurred during error reporting (printing all threads), id 0xc0000005]

VM state:at safepoint (normal execution)

VM Mutex/Monitor currently owned by a thread:  ([mutex/lock_event])
[0x00000000029cbf80] Threads_lock - owner thread: 0x00000000165d4000
[0x00000000029cbc00] Heap_lock - owner thread: 0x0000000026448000

Heap:
 PSYoungGen      total 406016K, used 306688K [0x00000000e0000000, 0x00000000fee80000, 0x0000000100000000)
  eden space 306688K, 100% used [0x00000000e0000000,0x00000000f2b80000,0x00000000f2b80000)
  from space 99328K, 0% used [0x00000000f8d80000,0x00000000f8d80000,0x00000000fee80000)
  to   space 99840K, 0% used [0x00000000f2b80000,0x00000000f2b80000,0x00000000f8d00000)
 ParOldGen       total 1048576K, used 1048568K [0x00000000a0000000, 0x00000000e0000000, 0x00000000e0000000)
  object space 1048576K, 99% used [0x00000000a0000000,0x00000000dfffe388,0x00000000e0000000)
 Metaspace       used 108961K, capacity 114642K, committed 114944K, reserved 1150976K
  class space    used 12497K, capacity 13443K, committed 13568K, reserved 1048576K

Card table byte_map: [0x0000000012060000,0x0000000012370000] byte_map_base: 0x0000000011b60000

Marking Bits: (ParMarkBitMap*) 0x0000000074b218f0
 Begin Bits: [0x0000000012970000, 0x0000000014170000)
 End Bits:   [0x0000000014170000, 0x0000000015970000)

Polling page: 0x0000000000b90000

CodeCache: size=245760Kb used=115206Kb max_used=116487Kb free=130553Kb
 bounds [0x0000000002ca0000, 0x0000000009f30000, 0x0000000011ca0000]
 total_blobs=29141 nmethods=28170 adapters=878
 compilation: enabled

Compilation events (10 events):
Event: 6931.387 Thread 0x000000001660c800 42132       3       com.android.dx.rop.cst.CstArray::compareTo0 (15 bytes)
Event: 6931.387 Thread 0x000000001660c800 nmethod 42132 0x000000000579ecd0 code [0x000000000579ee40, 0x000000000579f148]
Event: 6931.399 Thread 0x000000001660c800 42134       3       com.android.dx.rop.cst.CstArray$List::compareTo (93 bytes)
Event: 6931.400 Thread 0x000000001660c800 nmethod 42134 0x0000000008877150 code [0x0000000008877380, 0x00000000088782f8]
Event: 6931.403 Thread 0x000000001660c800 42133       3       com.android.dx.dex.file.EncodedArrayItem::compareTo0 (17 bytes)
Event: 6931.404 Thread 0x000000001660c800 nmethod 42133 0x0000000004e62110 code [0x0000000004e622e0, 0x0000000004e62c58]
Event: 6931.623 Thread 0x0000000016607800 42135       4       com.android.dx.rop.cst.CstArray$List::compareTo (93 bytes)
Event: 6931.627 Thread 0x0000000016616800 42136       4       com.android.dx.rop.cst.CstArray::compareTo0 (15 bytes)
Event: 6931.632 Thread 0x0000000016607800 nmethod 42135 0x00000000057d9150 code [0x00000000057d92c0, 0x00000000057d9858]
Event: 6931.637 Thread 0x0000000016616800 nmethod 42136 0x00000000089d3450 code [0x00000000089d35e0, 0x00000000089d3c78]

GC Heap History (10 events):
Event: 6917.229 GC heap after
Heap after GC invocations=425 (full 22):
 PSYoungGen      total 398848K, used 37982K [0x00000000e0000000, 0x00000000ff280000, 0x0000000100000000)
  eden space 287232K, 0% used [0x00000000e0000000,0x00000000e0000000,0x00000000f1880000)
  from space 111616K, 34% used [0x00000000f8580000,0x00000000faa97be0,0x00000000ff280000)
  to   space 111616K, 0% used [0x00000000f1880000,0x00000000f1880000,0x00000000f8580000)
 ParOldGen       total 1048576K, used 940014K [0x00000000a0000000, 0x00000000e0000000, 0x00000000e0000000)
  object space 1048576K, 89% used [0x00000000a0000000,0x00000000d95fbb60,0x00000000e0000000)
 Metaspace       used 108964K, capacity 114654K, committed 114944K, reserved 1150976K
  class space    used 12499K, capacity 13445K, committed 13568K, reserved 1048576K
}
Event: 6917.629 GC heap before
{Heap before GC invocations=426 (full 22):
 PSYoungGen      total 398848K, used 325214K [0x00000000e0000000, 0x00000000ff280000, 0x0000000100000000)
  eden space 287232K, 100% used [0x00000000e0000000,0x00000000f1880000,0x00000000f1880000)
  from space 111616K, 34% used [0x00000000f8580000,0x00000000faa97be0,0x00000000ff280000)
  to   space 111616K, 0% used [0x00000000f1880000,0x00000000f1880000,0x00000000f8580000)
 ParOldGen       total 1048576K, used 940014K [0x00000000a0000000, 0x00000000e0000000, 0x00000000e0000000)
  object space 1048576K, 89% used [0x00000000a0000000,0x00000000d95fbb60,0x00000000e0000000)
 Metaspace       used 108964K, capacity 114654K, committed 114944K, reserved 1150976K
  class space    used 12499K, capacity 13445K, committed 13568K, reserved 1048576K
Event: 6917.717 GC heap after
Heap after GC invocations=426 (full 22):
 PSYoungGen      total 398848K, used 38286K [0x00000000e0000000, 0x00000000ff500000, 0x0000000100000000)
  eden space 287232K, 0% used [0x00000000e0000000,0x00000000e0000000,0x00000000f1880000)
  from space 111616K, 34% used [0x00000000f1880000,0x00000000f3de39b8,0x00000000f8580000)
  to   space 105984K, 0% used [0x00000000f8d80000,0x00000000f8d80000,0x00000000ff500000)
 ParOldGen       total 1048576K, used 974115K [0x00000000a0000000, 0x00000000e0000000, 0x00000000e0000000)
  object space 1048576K, 92% used [0x00000000a0000000,0x00000000db748e18,0x00000000e0000000)
 Metaspace       used 108964K, capacity 114654K, committed 114944K, reserved 1150976K
  class space    used 12499K, capacity 13445K, committed 13568K, reserved 1048576K
}
Event: 6918.022 GC heap before
{Heap before GC invocations=427 (full 22):
 PSYoungGen      total 398848K, used 325518K [0x00000000e0000000, 0x00000000ff500000, 0x0000000100000000)
  eden space 287232K, 100% used [0x00000000e0000000,0x00000000f1880000,0x00000000f1880000)
  from space 111616K, 34% used [0x00000000f1880000,0x00000000f3de39b8,0x00000000f8580000)
  to   space 105984K, 0% used [0x00000000f8d80000,0x00000000f8d80000,0x00000000ff500000)
 ParOldGen       total 1048576K, used 974115K [0x00000000a0000000, 0x00000000e0000000, 0x00000000e0000000)
  object space 1048576K, 92% used [0x00000000a0000000,0x00000000db748e18,0x00000000e0000000)
 Metaspace       used 108964K, capacity 114654K, committed 114944K, reserved 1150976K
  class space    used 12499K, capacity 13445K, committed 13568K, reserved 1048576K
Event: 6918.111 GC heap after
Heap after GC invocations=427 (full 22):
 PSYoungGen      total 406016K, used 42072K [0x00000000e0000000, 0x00000000fee80000, 0x0000000100000000)
  eden space 306688K, 0% used [0x00000000e0000000,0x00000000e0000000,0x00000000f2b80000)
  from space 99328K, 42% used [0x00000000f8d80000,0x00000000fb696278,0x00000000fee80000)
  to   space 99840K, 0% used [0x00000000f2b80000,0x00000000f2b80000,0x00000000f8d00000)
 ParOldGen       total 1048576K, used 1011271K [0x00000000a0000000, 0x00000000e0000000, 0x00000000e0000000)
  object space 1048576K, 96% used [0x00000000a0000000,0x00000000ddb91fc8,0x00000000e0000000)
 Metaspace       used 108964K, capacity 114654K, committed 114944K, reserved 1150976K
  class space    used 12499K, capacity 13445K, committed 13568K, reserved 1048576K
}
Event: 6918.111 GC heap before
{Heap before GC invocations=428 (full 23):
 PSYoungGen      total 406016K, used 42072K [0x00000000e0000000, 0x00000000fee80000, 0x0000000100000000)
  eden space 306688K, 0% used [0x00000000e0000000,0x00000000e0000000,0x00000000f2b80000)
  from space 99328K, 42% used [0x00000000f8d80000,0x00000000fb696278,0x00000000fee80000)
  to   space 99840K, 0% used [0x00000000f2b80000,0x00000000f2b80000,0x00000000f8d00000)
 ParOldGen       total 1048576K, used 1011271K [0x00000000a0000000, 0x00000000e0000000, 0x00000000e0000000)
  object space 1048576K, 96% used [0x00000000a0000000,0x00000000ddb91fc8,0x00000000e0000000)
 Metaspace       used 108964K, capacity 114654K, committed 114944K, reserved 1150976K
  class space    used 12499K, capacity 13445K, committed 13568K, reserved 1048576K
Event: 6924.671 GC heap after
Heap after GC invocations=428 (full 23):
 PSYoungGen      total 406016K, used 0K [0x00000000e0000000, 0x00000000fee80000, 0x0000000100000000)
  eden space 306688K, 0% used [0x00000000e0000000,0x00000000e0000000,0x00000000f2b80000)
  from space 99328K, 0% used [0x00000000f8d80000,0x00000000f8d80000,0x00000000fee80000)
  to   space 99840K, 0% used [0x00000000f2b80000,0x00000000f2b80000,0x00000000f8d00000)
 ParOldGen       total 1048576K, used 1016299K [0x00000000a0000000, 0x00000000e0000000, 0x00000000e0000000)
  object space 1048576K, 96% used [0x00000000a0000000,0x00000000de07ac38,0x00000000e0000000)
 Metaspace       used 108964K, capacity 114654K, committed 114944K, reserved 1150976K
  class space    used 12499K, capacity 13445K, committed 13568K, reserved 1048576K
}
Event: 6925.000 GC heap before
{Heap before GC invocations=429 (full 24):
 PSYoungGen      total 406016K, used 306688K [0x00000000e0000000, 0x00000000fee80000, 0x0000000100000000)
  eden space 306688K, 100% used [0x00000000e0000000,0x00000000f2b80000,0x00000000f2b80000)
  from space 99328K, 0% used [0x00000000f8d80000,0x00000000f8d80000,0x00000000fee80000)
  to   space 99840K, 0% used [0x00000000f2b80000,0x00000000f2b80000,0x00000000f8d00000)
 ParOldGen       total 1048576K, used 1016299K [0x00000000a0000000, 0x00000000e0000000, 0x00000000e0000000)
  object space 1048576K, 96% used [0x00000000a0000000,0x00000000de07ac38,0x00000000e0000000)
 Metaspace       used 108964K, capacity 114654K, committed 114944K, reserved 1150976K
  class space    used 12499K, capacity 13445K, committed 13568K, reserved 1048576K
Event: 6931.372 GC heap after
Heap after GC invocations=429 (full 24):
 PSYoungGen      total 406016K, used 15554K [0x00000000e0000000, 0x00000000fee80000, 0x0000000100000000)
  eden space 306688K, 5% used [0x00000000e0000000,0x00000000e0f30890,0x00000000f2b80000)
  from space 99328K, 0% used [0x00000000f8d80000,0x00000000f8d80000,0x00000000fee80000)
  to   space 99840K, 0% used [0x00000000f2b80000,0x00000000f2b80000,0x00000000f8d00000)
 ParOldGen       total 1048576K, used 1048568K [0x00000000a0000000, 0x00000000e0000000, 0x00000000e0000000)
  object space 1048576K, 99% used [0x00000000a0000000,0x00000000dfffe388,0x00000000e0000000)
 Metaspace       used 108960K, capacity 114642K, committed 114944K, reserved 1150976K
  class space    used 12497K, capacity 13443K, committed 13568K, reserved 1048576K
}
Event: 6931.729 GC heap before
{Heap before GC invocations=430 (full 25):
 PSYoungGen      total 406016K, used 306688K [0x00000000e0000000, 0x00000000fee80000, 0x0000000100000000)
  eden space 306688K, 100% used [0x00000000e0000000,0x00000000f2b80000,0x00000000f2b80000)
  from space 99328K, 0% used [0x00000000f8d80000,0x00000000f8d80000,0x00000000fee80000)
  to   space 99840K, 0% used [0x00000000f2b80000,0x00000000f2b80000,0x00000000f8d00000)
 ParOldGen       total 1048576K, used 1048568K [0x00000000a0000000, 0x00000000e0000000, 0x00000000e0000000)
  object space 1048576K, 99% used [0x00000000a0000000,0x00000000dfffe388,0x00000000e0000000)
 Metaspace       used 108961K, capacity 114642K, committed 114944K, reserved 1150976K
  class space    used 12497K, capacity 13443K, committed 13568K, reserved 1048576K

Deoptimization events (10 events):
Event: 6872.662 Thread 0x000000001df5e800 Uncommon trap: reason=class_check action=maybe_recompile pc=0x0000000006c84898 method=proguard.classfile.util.MethodLinker.lastVisitorAccepter(Lproguard/classfile/VisitorAccepter;)Lproguard/classfile/VisitorAccepter; @ 12
Event: 6872.662 Thread 0x000000001df5e800 Uncommon trap: reason=class_check action=maybe_recompile pc=0x0000000006c8a490 method=proguard.classfile.util.MethodLinker.lastVisitorAccepter(Lproguard/classfile/VisitorAccepter;)Lproguard/classfile/VisitorAccepter; @ 12
Event: 6872.662 Thread 0x000000001df5e800 Uncommon trap: reason=class_check action=maybe_recompile pc=0x0000000006c8a974 method=proguard.classfile.util.MethodLinker.lastVisitorAccepter(Lproguard/classfile/VisitorAccepter;)Lproguard/classfile/VisitorAccepter; @ 12
Event: 6872.779 Thread 0x000000001df5e800 Uncommon trap: reason=array_check action=maybe_recompile pc=0x0000000009ecc858 method=proguard.shrink.ClassShrinker.shrinkArray([Lproguard/classfile/VisitorAccepter;I)I @ 36
Event: 6872.779 Thread 0x000000001df5e800 Uncommon trap: reason=array_check action=maybe_recompile pc=0x0000000009ecc858 method=proguard.shrink.ClassShrinker.shrinkArray([Lproguard/classfile/VisitorAccepter;I)I @ 36
Event: 6872.779 Thread 0x000000001df5e800 Uncommon trap: reason=array_check action=maybe_recompile pc=0x0000000009ecc858 method=proguard.shrink.ClassShrinker.shrinkArray([Lproguard/classfile/VisitorAccepter;I)I @ 36
Event: 6888.198 Thread 0x0000000026448000 Uncommon trap: reason=unstable_if action=reinterpret pc=0x0000000008a76214 method=com.android.dx.rop.code.LocalItem.compareHandlesNulls(Lcom/android/dx/rop/cst/CstString;Lcom/android/dx/rop/cst/CstString;)I @ 14
Event: 6914.531 Thread 0x0000000026444000 Uncommon trap: reason=unstable_if action=reinterpret pc=0x00000000033b53d4 method=java.util.concurrent.ConcurrentHashMap$TreeNode.findTreeNode(ILjava/lang/Object;Ljava/lang/Class;)Ljava/util/concurrent/ConcurrentHashMap$TreeNode; @ 129
Event: 6931.374 Thread 0x0000000026445800 Uncommon trap: reason=unstable_if action=reinterpret pc=0x0000000006c1e504 method=com.android.dx.rop.cst.CstArray$List.compareTo(Lcom/android/dx/rop/cst/CstArray$List;)I @ 65
Event: 6931.374 Thread 0x0000000026445800 Uncommon trap: reason=unstable_if action=reinterpret pc=0x0000000005e43378 method=com.android.dx.rop.cst.CstArray$List.compareTo(Lcom/android/dx/rop/cst/CstArray$List;)I @ 65

Internal exceptions (10 events):
Event: 6698.537 Thread 0x000000001df5e800 Exception <a 'sun/nio/fs/WindowsException'> (0x00000000ea0d41a0) thrown at [C:\src\android\AOSP-openjdk\external\jetbrains\jdk\hotspot\src\share\vm\prims\jni.cpp, line 709]
Event: 6698.537 Thread 0x000000001df5e800 Exception <a 'sun/nio/fs/WindowsException'> (0x00000000ea0d5db8) thrown at [C:\src\android\AOSP-openjdk\external\jetbrains\jdk\hotspot\src\share\vm\prims\jni.cpp, line 709]
Event: 6698.537 Thread 0x000000001df5e800 Exception <a 'sun/nio/fs/WindowsException'> (0x00000000ea0d69e0) thrown at [C:\src\android\AOSP-openjdk\external\jetbrains\jdk\hotspot\src\share\vm\prims\jni.cpp, line 709]
Event: 6698.537 Thread 0x000000001df5e800 Exception <a 'sun/nio/fs/WindowsException'> (0x00000000ea0d9590) thrown at [C:\src\android\AOSP-openjdk\external\jetbrains\jdk\hotspot\src\share\vm\prims\jni.cpp, line 709]
Event: 6698.537 Thread 0x000000001df5e800 Exception <a 'sun/nio/fs/WindowsException'> (0x00000000ea0da1f0) thrown at [C:\src\android\AOSP-openjdk\external\jetbrains\jdk\hotspot\src\share\vm\prims\jni.cpp, line 709]
Event: 6698.538 Thread 0x000000001df5e800 Exception <a 'sun/nio/fs/WindowsException'> (0x00000000ea0dbe80) thrown at [C:\src\android\AOSP-openjdk\external\jetbrains\jdk\hotspot\src\share\vm\prims\jni.cpp, line 709]
Event: 6698.538 Thread 0x000000001df5e800 Exception <a 'sun/nio/fs/WindowsException'> (0x00000000ea0dcb20) thrown at [C:\src\android\AOSP-openjdk\external\jetbrains\jdk\hotspot\src\share\vm\prims\jni.cpp, line 709]
Event: 6835.133 Thread 0x000000001df5e800 Implicit null exception at 0x0000000005b3aac8 to 0x0000000005b3d0e9
Event: 6837.973 Thread 0x000000001df5e800 Implicit null exception at 0x0000000004de5904 to 0x0000000004deb1f9
Event: 6888.198 Thread 0x0000000026448000 Implicit null exception at 0x0000000008a7450b to 0x0000000008a761dd

Events (10 events):
Event: 6931.406 Thread 0x000000001660c800 flushing nmethod 0x000000000391f010
Event: 6931.621 Executing VM operation: RevokeBias
Event: 6931.622 Executing VM operation: RevokeBias done
Event: 6931.632 Thread 0x0000000016607800 flushing nmethod 0x0000000003b77090
Event: 6931.634 Thread 0x0000000016607800 flushing nmethod 0x0000000003f13a90
Event: 6931.638 Thread 0x0000000016616800 flushing nmethod 0x0000000004261790
Event: 6931.638 Thread 0x0000000016616800 flushing nmethod 0x00000000042ea850
Event: 6931.639 Thread 0x0000000016616800 flushing nmethod 0x00000000043f0e90
Event: 6931.639 Thread 0x0000000016616800 flushing nmethod 0x00000000043fe450
Event: 6931.729 Executing VM operation: ParallelGCFailedAllocation


Dynamic libraries:
0x00007ff74ba10000 - 0x00007ff74ba41000 	C:\Program Files\Android\Android Studio\jre\bin\java.exe
0x00007ffdfe0c0000 - 0x00007ffdfe29b000 	C:\WINDOWS\SYSTEM32\ntdll.dll
0x00007ffdfdbc0000 - 0x00007ffdfdc6e000 	C:\WINDOWS\System32\KERNEL32.DLL
0x00007ffdfa9e0000 - 0x00007ffdfac29000 	C:\WINDOWS\System32\KERNELBASE.dll
0x00007ffdfc130000 - 0x00007ffdfc1d1000 	C:\WINDOWS\System32\ADVAPI32.dll
0x00007ffdfbc70000 - 0x00007ffdfbd0d000 	C:\WINDOWS\System32\msvcrt.dll
0x00007ffdfc260000 - 0x00007ffdfc2b9000 	C:\WINDOWS\System32\sechost.dll
0x00007ffdfc330000 - 0x00007ffdfc455000 	C:\WINDOWS\System32\RPCRT4.dll
0x00007ffdfb6c0000 - 0x00007ffdfb80a000 	C:\WINDOWS\System32\USER32.dll
0x00007ffdfb330000 - 0x00007ffdfb34e000 	C:\WINDOWS\System32\win32u.dll
0x00007ffdfbe60000 - 0x00007ffdfbe87000 	C:\WINDOWS\System32\GDI32.dll
0x00007ffdfa750000 - 0x00007ffdfa8d7000 	C:\WINDOWS\System32\gdi32full.dll
0x00007ffdfb520000 - 0x00007ffdfb5ba000 	C:\WINDOWS\System32\msvcp_win.dll
0x00007ffdfa650000 - 0x00007ffdfa746000 	C:\WINDOWS\System32\ucrtbase.dll
0x00007ffdea910000 - 0x00007ffdeab77000 	C:\WINDOWS\WinSxS\amd64_microsoft.windows.common-controls_6595b64144ccf1df_6.0.15063.483_none_26002d27e7c744a2\COMCTL32.dll
0x00007ffdfb840000 - 0x00007ffdfbb39000 	C:\WINDOWS\System32\combase.dll
0x00007ffdfa5e0000 - 0x00007ffdfa64a000 	C:\WINDOWS\System32\bcryptPrimitives.dll
0x00007ffdfb810000 - 0x00007ffdfb83d000 	C:\WINDOWS\System32\IMM32.DLL
0x00000000750d0000 - 0x00000000751a2000 	C:\Program Files\Android\Android Studio\jre\jre\bin\msvcr100.dll
0x0000000074360000 - 0x0000000074b9c000 	C:\Program Files\Android\Android Studio\jre\jre\bin\server\jvm.dll
0x00007ffdfdc70000 - 0x00007ffdfdc78000 	C:\WINDOWS\System32\PSAPI.DLL
0x00007ffdf6dd0000 - 0x00007ffdf6dd9000 	C:\WINDOWS\SYSTEM32\WSOCK32.dll
0x00007ffdf7c40000 - 0x00007ffdf7c63000 	C:\WINDOWS\SYSTEM32\WINMM.dll
0x00007ffdf88f0000 - 0x00007ffdf88fa000 	C:\WINDOWS\SYSTEM32\VERSION.dll
0x00007ffdfc2c0000 - 0x00007ffdfc32c000 	C:\WINDOWS\System32\WS2_32.dll
0x00007ffdf7af0000 - 0x00007ffdf7b1b000 	C:\WINDOWS\SYSTEM32\WINMMBASE.dll
0x00007ffdfa990000 - 0x00007ffdfa9d9000 	C:\WINDOWS\System32\cfgmgr32.dll
0x00007ffdf6480000 - 0x00007ffdf648f000 	C:\Program Files\Android\Android Studio\jre\jre\bin\verify.dll
0x00007ffdf1c90000 - 0x00007ffdf1cb9000 	C:\Program Files\Android\Android Studio\jre\jre\bin\java.dll
0x00007ffdf1c70000 - 0x00007ffdf1c86000 	C:\Program Files\Android\Android Studio\jre\jre\bin\zip.dll
0x00007ffdfc470000 - 0x00007ffdfd8a6000 	C:\WINDOWS\System32\SHELL32.dll
0x00007ffdfbfa0000 - 0x00007ffdfc04a000 	C:\WINDOWS\System32\shcore.dll
0x00007ffdfac30000 - 0x00007ffdfb321000 	C:\WINDOWS\System32\windows.storage.dll
0x00007ffdfbba0000 - 0x00007ffdfbbf1000 	C:\WINDOWS\System32\shlwapi.dll
0x00007ffdfa5a0000 - 0x00007ffdfa5b1000 	C:\WINDOWS\System32\kernel.appcore.dll
0x00007ffdfa550000 - 0x00007ffdfa59c000 	C:\WINDOWS\System32\powrprof.dll
0x00007ffdfa530000 - 0x00007ffdfa545000 	C:\WINDOWS\System32\profapi.dll
0x00007ffdf1c50000 - 0x00007ffdf1c6a000 	C:\Program Files\Android\Android Studio\jre\jre\bin\net.dll
0x00007ffdf9ab0000 - 0x00007ffdf9b0c000 	C:\WINDOWS\system32\mswsock.dll
0x00007ffdf1c30000 - 0x00007ffdf1c41000 	C:\Program Files\Android\Android Studio\jre\jre\bin\nio.dll
0x00007ffdee9a0000 - 0x00007ffdee9be000 	C:\Users\BISHAL\.gradle\native\23\windows-amd64\native-platform.dll
0x00007ffdfa260000 - 0x00007ffdfa277000 	C:\WINDOWS\SYSTEM32\CRYPTSP.dll
0x00007ffdf96d0000 - 0x00007ffdf9704000 	C:\WINDOWS\system32\rsaenh.dll
0x00007ffdfa360000 - 0x00007ffdfa385000 	C:\WINDOWS\SYSTEM32\bcrypt.dll
0x00007ffdfa430000 - 0x00007ffdfa459000 	C:\WINDOWS\SYSTEM32\USERENV.dll
0x00007ffdf9c50000 - 0x00007ffdf9c5b000 	C:\WINDOWS\SYSTEM32\CRYPTBASE.dll
0x00007ffdf9850000 - 0x00007ffdf9887000 	C:\WINDOWS\SYSTEM32\IPHLPAPI.DLL
0x00007ffdfbc00000 - 0x00007ffdfbc08000 	C:\WINDOWS\System32\NSI.dll
0x00007ffdf3a80000 - 0x00007ffdf3a96000 	C:\WINDOWS\SYSTEM32\dhcpcsvc6.DLL
0x00007ffdf3a60000 - 0x00007ffdf3a7a000 	C:\WINDOWS\SYSTEM32\dhcpcsvc.DLL
0x00007ffdf4b60000 - 0x00007ffdf4b6d000 	C:\Program Files\Android\Android Studio\jre\jre\bin\management.dll
0x00007ffdf93e0000 - 0x00007ffdf9411000 	C:\WINDOWS\SYSTEM32\ntmarta.dll
0x00007ffdeed90000 - 0x00007ffdeedb4000 	C:\Program Files\Android\Android Studio\jre\jre\bin\sunec.dll
0x00007ffdf9890000 - 0x00007ffdf9934000 	C:\WINDOWS\SYSTEM32\DNSAPI.dll
0x00007ffdec7c0000 - 0x00007ffdec7ca000 	C:\Windows\System32\rasadhlp.dll
0x00007ffdf3b80000 - 0x00007ffdf3beb000 	C:\WINDOWS\System32\fwpuclnt.dll
0x00007ffdf07e0000 - 0x00007ffdf07eb000 	C:\Program Files\Android\Android Studio\jre\jre\bin\sunmscapi.dll
0x00007ffdfb350000 - 0x00007ffdfb519000 	C:\WINDOWS\System32\CRYPT32.dll
0x00007ffdfa5c0000 - 0x00007ffdfa5d1000 	C:\WINDOWS\System32\MSASN1.dll
0x00007ffdf1a40000 - 0x00007ffdf1bd3000 	C:\Program Files\Android\Android Studio\jre\jre\bin\awt.dll
0x00007ffdfc070000 - 0x00007ffdfc130000 	C:\WINDOWS\System32\OLEAUT32.dll
0x00007ffdf81f0000 - 0x00007ffdf826e000 	C:\WINDOWS\SYSTEM32\apphelp.dll
0x00007ffdf6d60000 - 0x00007ffdf6d8a000 	C:\WINDOWS\system32\DWMAPI.DLL
0x00007ffdf8380000 - 0x00007ffdf8415000 	C:\WINDOWS\system32\uxtheme.dll
0x00007ffdfa0b0000 - 0x00007ffdfa259000 	C:\WINDOWS\SYSTEM32\dbghelp.dll

VM Arguments:
jvm_args: -Xmx1536m -Dfile.encoding=windows-1252 -Duser.country=IN -Duser.language=en -Duser.variant 
java_command: org.gradle.launcher.daemon.bootstrap.GradleDaemon 3.3
java_class_path (initial): C:\Users\BISHAL\.gradle\wrapper\dists\gradle-3.3-all\55gk2rcmfc6p2dg9u9ohc3hw9\gradle-3.3\lib\gradle-launcher-3.3.jar
Launcher Type: SUN_STANDARD

Environment Variables:
PATH=C:\ProgramData\Oracle\Java\javapath;C:\WINDOWS\system32;C:\WINDOWS;C:\WINDOWS\System32\Wbem;C:\WINDOWS\System32\WindowsPowerShell\v1.0\;C:\Program Files (x86)\Skype\Phone\;C:\Program Files\Git\cmd;C:\Users\BISHAL\AppData\Local\Microsoft\WindowsApps;
USERNAME=BISHAL
OS=Windows_NT
PROCESSOR_IDENTIFIER=Intel64 Family 6 Model 78 Stepping 3, GenuineIntel



---------------  S Y S T E M  ---------------

OS: Windows 10.0 , 64 bit Build 15063 (10.0.15063.296)

CPU:total 4 (2 cores per cpu, 2 threads per core) family 6 model 78 stepping 3, cmov, cx8, fxsr, mmx, sse, sse2, sse3, ssse3, sse4.1, sse4.2, popcnt, avx, avx2, aes, clmul, erms, 3dnowpref, lzcnt, ht, tsc, tscinvbit, bmi1, bmi2, adx

Memory: 4k page, physical 8292144k(713372k free), swap 11953768k(2559728k free)

vm_info: OpenJDK 64-Bit Server VM (25.112-b06) for windows-amd64 JRE (1.8.0_112-release-b06), built on Dec  8 2016 00:54:26 by "builder" with MS VC++ 10.0 (VS2010)

time: Wed Nov 15 18:31:17 2017
elapsed time: 6934 seconds (0d 1h 55m 34s)

